Build started 16-11-2019 18:45:45.
     1>Project "C:\Users\Prayas\Documents\Visual Studio 2010\Projects\control panel live\control panel live\control panel live.vcxproj" on node 2 (rebuild target(s)).
     1>_PrepareForClean:
         Deleting file "Debug\control panel live.lastbuildstate".
       InitializeBuildStatus:
         Creating "Debug\control panel live.unsuccessfulbuild" because "AlwaysCreate" was specified.
       ClCompile:
         C:\Program Files (x86)\Microsoft Visual Studio 10.0\VC\bin\CL.exe /c /ZI /nologo /W3 /WX- /Od /Oy- /D WIN32 /D _DEBUG /D _CONSOLE /D _UNICODE /D UNICODE /Gm /EHsc /RTC1 /MDd /GS /fp:precise /Zc:wchar_t /Zc:forScope /Yc"StdAfx.h" /Fp"Debug\control panel live.pch" /Fo"Debug\\" /Fd"Debug\vc100.pdb" /Gd /TP /analyze- /errorReport:prompt stdafx.cpp
         stdafx.cpp
         C:\Program Files (x86)\Microsoft Visual Studio 10.0\VC\bin\CL.exe /c /ZI /nologo /W3 /WX- /Od /Oy- /D WIN32 /D _DEBUG /D _CONSOLE /D _UNICODE /D UNICODE /Gm /EHsc /RTC1 /MDd /GS /fp:precise /Zc:wchar_t /Zc:forScope /Yu"StdAfx.h" /Fp"Debug\control panel live.pch" /Fo"Debug\\" /Fd"Debug\vc100.pdb" /Gd /TP /analyze- /errorReport:prompt "control panel live.cpp"
         control panel live.cpp
     1>c:\users\prayas\documents\visual studio 2010\projects\control panel live\control panel live\control panel live.cpp(200): warning C4996: 'getch': The POSIX name for this item is deprecated. Instead, use the ISO C++ conformant name: _getch. See online help for details.
                 c:\program files (x86)\microsoft visual studio 10.0\vc\include\conio.h(128) : see declaration of 'getch'
     1>c:\users\prayas\documents\visual studio 2010\projects\control panel live\control panel live\control panel live.cpp(575): warning C4101: 'data' : unreferenced local variable
     1>c:\users\prayas\documents\visual studio 2010\projects\control panel live\control panel live\control panel live.cpp(1175): warning C4101: 'live_samples' : unreferenced local variable
     1>c:\users\prayas\documents\visual studio 2010\projects\control panel live\control panel live\control panel live.cpp(1179): warning C4101: 'data1' : unreferenced local variable
       ManifestResourceCompile:
         C:\Program Files (x86)\Microsoft SDKs\Windows\v7.0A\bin\rc.exe /nologo /fo"Debug\control panel live.exe.embed.manifest.res" "Debug\control panel live_manifest.rc" 
       Link:
         C:\Program Files (x86)\Microsoft Visual Studio 10.0\VC\bin\link.exe /ERRORREPORT:PROMPT /OUT:"C:\Users\Prayas\Documents\Visual Studio 2010\Projects\control panel live\Debug\control panel live.exe" /INCREMENTAL /NOLOGO kernel32.lib user32.lib gdi32.lib winspool.lib comdlg32.lib advapi32.lib shell32.lib ole32.lib oleaut32.lib uuid.lib odbc32.lib odbccp32.lib /MANIFEST /ManifestFile:"Debug\control panel live.exe.intermediate.manifest" /MANIFESTUAC:"level='asInvoker' uiAccess='false'" /DEBUG /PDB:"C:\Users\Prayas\Documents\Visual Studio 2010\Projects\control panel live\Debug\control panel live.pdb" /SUBSYSTEM:CONSOLE /TLBID:1 /DYNAMICBASE /NXCOMPAT /IMPLIB:"C:\Users\Prayas\Documents\Visual Studio 2010\Projects\control panel live\Debug\control panel live.lib" /MACHINE:X86 "Debug\control panel live.exe.embed.manifest.res"
         "Debug\control panel live.obj"
         Debug\stdafx.obj
       Manifest:
         Deleting file "Debug\control panel live.exe.embed.manifest".
         C:\Program Files (x86)\Microsoft SDKs\Windows\v7.0A\bin\mt.exe /nologo /verbose /out:"Debug\control panel live.exe.embed.manifest" /manifest "Debug\control panel live.exe.intermediate.manifest"
         C:\Program Files (x86)\Microsoft SDKs\Windows\v7.0A\bin\rc.exe /nologo /fo"Debug\control panel live.exe.embed.manifest.res" "Debug\control panel live_manifest.rc" 
       LinkEmbedManifest:
         C:\Program Files (x86)\Microsoft Visual Studio 10.0\VC\bin\link.exe /ERRORREPORT:PROMPT /OUT:"C:\Users\Prayas\Documents\Visual Studio 2010\Projects\control panel live\Debug\control panel live.exe" /INCREMENTAL /NOLOGO kernel32.lib user32.lib gdi32.lib winspool.lib comdlg32.lib advapi32.lib shell32.lib ole32.lib oleaut32.lib uuid.lib odbc32.lib odbccp32.lib /MANIFEST /ManifestFile:"Debug\control panel live.exe.intermediate.manifest" /MANIFESTUAC:"level='asInvoker' uiAccess='false'" /DEBUG /PDB:"C:\Users\Prayas\Documents\Visual Studio 2010\Projects\control panel live\Debug\control panel live.pdb" /SUBSYSTEM:CONSOLE /TLBID:1 /DYNAMICBASE /NXCOMPAT /IMPLIB:"C:\Users\Prayas\Documents\Visual Studio 2010\Projects\control panel live\Debug\control panel live.lib" /MACHINE:X86 "Debug\control panel live.exe.embed.manifest.res"
         "Debug\control panel live.obj"
         Debug\stdafx.obj
         control panel live.vcxproj -> C:\Users\Prayas\Documents\Visual Studio 2010\Projects\control panel live\Debug\control panel live.exe
       FinalizeBuildStatus:
         Deleting file "Debug\control panel live.unsuccessfulbuild".
         Touching "Debug\control panel live.lastbuildstate".
     1>Done Building Project "C:\Users\Prayas\Documents\Visual Studio 2010\Projects\control panel live\control panel live\control panel live.vcxproj" (rebuild target(s)).

Build succeeded.

Time Elapsed 00:00:04.36
