C:\Users\Prayas\Documents\Visual Studio 2010\Projects\control panel live\control panel live\Debug\cl.command.1.tlog
C:\Users\Prayas\Documents\Visual Studio 2010\Projects\control panel live\control panel live\Debug\CL.read.1.tlog
C:\Users\Prayas\Documents\Visual Studio 2010\Projects\control panel live\control panel live\Debug\CL.write.1.tlog
C:\USERS\PRAYAS\DOCUMENTS\VISUAL STUDIO 2010\PROJECTS\CONTROL PANEL LIVE\CONTROL PANEL LIVE\DEBUG\CONTROL PANEL LIVE.EXE.EMBED.MANIFEST
C:\USERS\PRAYAS\DOCUMENTS\VISUAL STUDIO 2010\PROJECTS\CONTROL PANEL LIVE\CONTROL PANEL LIVE\DEBUG\CONTROL PANEL LIVE.EXE.EMBED.MANIFEST.RES
C:\USERS\PRAYAS\DOCUMENTS\VISUAL STUDIO 2010\PROJECTS\CONTROL PANEL LIVE\CONTROL PANEL LIVE\DEBUG\CONTROL PANEL LIVE.EXE.INTERMEDIATE.MANIFEST
C:\USERS\PRAYAS\DOCUMENTS\VISUAL STUDIO 2010\PROJECTS\CONTROL PANEL LIVE\CONTROL PANEL LIVE\DEBUG\CONTROL PANEL LIVE.OBJ
C:\USERS\PRAYAS\DOCUMENTS\VISUAL STUDIO 2010\PROJECTS\CONTROL PANEL LIVE\CONTROL PANEL LIVE\DEBUG\CONTROL PANEL LIVE.PCH
C:\Users\Prayas\Documents\Visual Studio 2010\Projects\control panel live\control panel live\Debug\control panel live.write.1.tlog
C:\Users\Prayas\Documents\Visual Studio 2010\Projects\control panel live\control panel live\Debug\control panel live_manifest.rc
C:\Users\Prayas\Documents\Visual Studio 2010\Projects\control panel live\control panel live\Debug\link.10672.read.1.tlog
C:\Users\Prayas\Documents\Visual Studio 2010\Projects\control panel live\control panel live\Debug\link.10672.write.1.tlog
C:\Users\Prayas\Documents\Visual Studio 2010\Projects\control panel live\control panel live\Debug\link.10672-cvtres.read.1.tlog
C:\Users\Prayas\Documents\Visual Studio 2010\Projects\control panel live\control panel live\Debug\link.10672-cvtres.write.1.tlog
C:\Users\Prayas\Documents\Visual Studio 2010\Projects\control panel live\control panel live\Debug\link.command.1.tlog
C:\Users\Prayas\Documents\Visual Studio 2010\Projects\control panel live\control panel live\Debug\link.read.1.tlog
C:\Users\Prayas\Documents\Visual Studio 2010\Projects\control panel live\control panel live\Debug\link.write.1.tlog
C:\Users\Prayas\Documents\Visual Studio 2010\Projects\control panel live\control panel live\Debug\link-cvtres.read.1.tlog
C:\Users\Prayas\Documents\Visual Studio 2010\Projects\control panel live\control panel live\Debug\link-cvtres.write.1.tlog
C:\Users\Prayas\Documents\Visual Studio 2010\Projects\control panel live\control panel live\Debug\mt.command.1.tlog
C:\Users\Prayas\Documents\Visual Studio 2010\Projects\control panel live\control panel live\Debug\mt.read.1.tlog
C:\Users\Prayas\Documents\Visual Studio 2010\Projects\control panel live\control panel live\Debug\mt.write.1.tlog
C:\Users\Prayas\Documents\Visual Studio 2010\Projects\control panel live\control panel live\Debug\rc.command.1.tlog
C:\Users\Prayas\Documents\Visual Studio 2010\Projects\control panel live\control panel live\Debug\rc.read.1.tlog
C:\Users\Prayas\Documents\Visual Studio 2010\Projects\control panel live\control panel live\Debug\rc.write.1.tlog
C:\USERS\PRAYAS\DOCUMENTS\VISUAL STUDIO 2010\PROJECTS\CONTROL PANEL LIVE\CONTROL PANEL LIVE\DEBUG\STDAFX.OBJ
C:\Users\Prayas\Documents\Visual Studio 2010\Projects\control panel live\control panel live\Debug\vc100.idb
C:\USERS\PRAYAS\DOCUMENTS\VISUAL STUDIO 2010\PROJECTS\CONTROL PANEL LIVE\CONTROL PANEL LIVE\DEBUG\VC100.PDB
C:\USERS\PRAYAS\DOCUMENTS\VISUAL STUDIO 2010\PROJECTS\CONTROL PANEL LIVE\DEBUG\CONTROL PANEL LIVE.EXE
C:\USERS\PRAYAS\DOCUMENTS\VISUAL STUDIO 2010\PROJECTS\CONTROL PANEL LIVE\DEBUG\CONTROL PANEL LIVE.ILK
C:\USERS\PRAYAS\DOCUMENTS\VISUAL STUDIO 2010\PROJECTS\CONTROL PANEL LIVE\DEBUG\CONTROL PANEL LIVE.PDB
